{"uid":"b5864bb4ccb6b776","name":"radioButtonTest(Quest)","fullName":"com.zerobank.project.ZeroBank4Test.radioButtonTest","historyId":"9c67dbede9a23483982f0b50394bbba2","time":{"start":1755028907643,"stop":1755028917898,"duration":10255},"description":"COMPONENTS: Button, Input, Link, List, Select, Radio, Alert","descriptionHtml":"<div style='margin: 20px;'><style>\n  .metadata-container { margin: 20px 0; }\n  .metadata-toggle {\n      background-color: #2c3e50;\n      color: white;\n      padding: 8px 12px;\n      cursor: pointer;\n      border: none;\n      border-radius: 4px;\n      font-size: 13px;\n      display: inline-flex;\n      align-items: center;\n      gap: 8px;\n      width: 150px;\n  }\n  .metadata-toggle:hover { background-color: #34495e; }\n  .metadata-toggle::before {\n      content: '▶';\n      display: inline-block;\n      transition: transform 0.3s;\n  }\n  details[open] .metadata-toggle::before { transform: rotate(90deg); }\n  .metadata-content { display: none; margin-top: 10px; }\n  details[open] .metadata-content { display: block; }\n  .metadata-table {\n      border-collapse: collapse;\n      width: 100%;\n      margin-top: 10px;\n      box-shadow: 0 4px 15px rgba(0, 0, 0, 0.1);\n  }\n  .metadata-table th {\n      background-color: #2c3e50;\n      color: white;\n      text-transform: uppercase;\n      font-size: 14px;\n      padding: 15px;\n      text-align: left;\n  }\n  .metadata-table td {\n      padding: 12px 15px;\n      border-bottom: 1px solid #ecf0f1;\n      font-size: 14px;\n      background-color: white;\n  }\n  .metadata-table tr:nth-child(even) td { background-color: #f8f9fa; }\n  .metadata-table tr:hover td { background-color: #f1f4f6; }\n  .annotation { display: block; margin: 5px 0; padding: 8px 12px; background-color: #f7f9fc; border-left: 3px solid #3498db; border-radius: 3px; }\n  .test-arguments { word-break: break-word; max-width: 600px; line-height: 1.5; }\n</style>\n\n<details class=\"metadata-container\">\n  <summary class=\"metadata-toggle\">Test Details</summary>\n  <div class=\"metadata-content\">\n    <table class=\"metadata-table\">\n      <tr><th style=\"width: 30%\">Property</th><th>Value</th></tr>\n      <tr><td>Test Name</td><td>radioButtonTest</td></tr>\n      <tr><td>Class Name</td><td>ZeroBank4Test</td></tr>\n      <tr><td>Class Annotations</td><td><pre class='annotation'>@SpringBootTest(,\n     args=,\n     classes=class com.theairebellion.zeus.framework.config.TestConfig,\n     properties=,\n     webEnvironment=NONE)\n@Tag(exclude-from-verify)\n@UI\n</pre></td></tr>\n      <tr><td>Method Annotations</td><td><pre class='annotation'>@Test\n@Description(\"COMPONENTS: Button,\n     Input,\n     Link,\n     List,\n     Select,\n     Radio,\n     Alert\")\n@Regression\n</pre></td></tr>\n      <tr><td>Test Arguments</td><td class=\"test-arguments\">Quest</td></tr>\n    </table>\n  </div>\n</details></div>","status":"broken","statusMessage":"unknown error: net::ERR_CONNECTION_RESET\n  (Session info: headless chrome=114.0.5735.133)\nBuild info: version: '4.25.0', revision: '8a8aea2337'\nSystem info: os.name: 'Linux', os.arch: 'amd64', os.version: '6.11.0-1018-azure', java.version: '17.0.16'\nDriver info: org.openqa.selenium.remote.RemoteWebDriver\nCommand: [c0be2c39991118f2f8c8e627c5bdead9, get {url=http://zero.webappsecurity.com/}]\nCapabilities {acceptInsecureCerts: false, browserName: chrome, browserVersion: 114.0.5735.133, chrome: {chromedriverVersion: 114.0.5735.90 (386bc09e8f4f..., userDataDir: /tmp/.com.google.Chrome.6YJvq0}, goog:chromeOptions: {debuggerAddress: localhost:35537}, networkConnectionEnabled: false, pageLoadStrategy: normal, platformName: linux, proxy: Proxy(), se:bidiEnabled: false, se:cdp: ws://172.18.0.4:4444/sessio..., se:cdpVersion: 114.0.5735.133, se:vnc: ws://172.18.0.4:4444/sessio..., se:vncEnabled: true, se:vncLocalAddress: ws://172.18.0.4:7900, setWindowRect: true, strictFileInteractability: false, timeouts: {implicit: 0, pageLoad: 300000, script: 30000}, unhandledPromptBehavior: dismiss and notify, webauthn:extension:credBlob: true, webauthn:extension:largeBlob: true, webauthn:extension:minPinLength: true, webauthn:extension:prf: true, webauthn:virtualAuthenticators: true}\nSession ID: c0be2c39991118f2f8c8e627c5bdead9","statusTrace":"org.openqa.selenium.WebDriverException: unknown error: net::ERR_CONNECTION_RESET\n  (Session info: headless chrome=114.0.5735.133)\nBuild info: version: '4.25.0', revision: '8a8aea2337'\nSystem info: os.name: 'Linux', os.arch: 'amd64', os.version: '6.11.0-1018-azure', java.version: '17.0.16'\nDriver info: org.openqa.selenium.remote.RemoteWebDriver\nCommand: [c0be2c39991118f2f8c8e627c5bdead9, get {url=http://zero.webappsecurity.com/}]\nCapabilities {acceptInsecureCerts: false, browserName: chrome, browserVersion: 114.0.5735.133, chrome: {chromedriverVersion: 114.0.5735.90 (386bc09e8f4f..., userDataDir: /tmp/.com.google.Chrome.6YJvq0}, goog:chromeOptions: {debuggerAddress: localhost:35537}, networkConnectionEnabled: false, pageLoadStrategy: normal, platformName: linux, proxy: Proxy(), se:bidiEnabled: false, se:cdp: ws://172.18.0.4:4444/sessio..., se:cdpVersion: 114.0.5735.133, se:vnc: ws://172.18.0.4:4444/sessio..., se:vncEnabled: true, se:vncLocalAddress: ws://172.18.0.4:7900, setWindowRect: true, strictFileInteractability: false, timeouts: {implicit: 0, pageLoad: 300000, script: 30000}, unhandledPromptBehavior: dismiss and notify, webauthn:extension:credBlob: true, webauthn:extension:largeBlob: true, webauthn:extension:minPinLength: true, webauthn:extension:prf: true, webauthn:virtualAuthenticators: true}\nSession ID: c0be2c39991118f2f8c8e627c5bdead9\n\tat java.base/jdk.internal.reflect.NativeConstructorAccessorImpl.newInstance0(Native Method)\n\tat java.base/jdk.internal.reflect.NativeConstructorAccessorImpl.newInstance(NativeConstructorAccessorImpl.java:77)\n\tat java.base/jdk.internal.reflect.DelegatingConstructorAccessorImpl.newInstance(DelegatingConstructorAccessorImpl.java:45)\n\tat java.base/java.lang.reflect.Constructor.newInstanceWithCaller(Constructor.java:500)\n\tat java.base/java.lang.reflect.Constructor.newInstance(Constructor.java:481)\n\tat org.openqa.selenium.remote.ErrorCodec.decode(ErrorCodec.java:167)\n\tat org.openqa.selenium.remote.codec.w3c.W3CHttpResponseCodec.decode(W3CHttpResponseCodec.java:138)\n\tat org.openqa.selenium.remote.codec.w3c.W3CHttpResponseCodec.decode(W3CHttpResponseCodec.java:50)\n\tat org.openqa.selenium.remote.HttpCommandExecutor.execute(HttpCommandExecutor.java:190)\n\tat org.openqa.selenium.remote.TracedCommandExecutor.execute(TracedCommandExecutor.java:53)\n\tat org.openqa.selenium.remote.RemoteWebDriver.execute(RemoteWebDriver.java:545)\n\tat org.openqa.selenium.remote.RemoteWebDriver.get(RemoteWebDriver.java:313)\n\tat java.base/jdk.internal.reflect.NativeMethodAccessorImpl.invoke0(Native Method)\n\tat java.base/jdk.internal.reflect.NativeMethodAccessorImpl.invoke(NativeMethodAccessorImpl.java:77)\n\tat java.base/jdk.internal.reflect.DelegatingMethodAccessorImpl.invoke(DelegatingMethodAccessorImpl.java:43)\n\tat java.base/java.lang.reflect.Method.invoke(Method.java:569)\n\tat org.openqa.selenium.support.decorators.WebDriverDecorator.call(WebDriverDecorator.java:249)\n\tat org.openqa.selenium.support.decorators.DefaultDecorated.call(DefaultDecorated.java:48)\n\tat org.openqa.selenium.support.decorators.WebDriverDecorator.lambda$createProxy$2(WebDriverDecorator.java:321)\n\tat net.bytebuddy.renamed.java.lang.Object$ByteBuddy$dMDdpPL2.get(Unknown Source)\n\tat com.theairebellion.zeus.ui.selenium.decorators.WebDriverDecorator.get(WebDriverDecorator.java:23)\n\tat com.theairebellion.zeus.ui.service.fluent.NavigationServiceFluent.navigate(NavigationServiceFluent.java:48)\n\tat com.zerobank.project.ZeroBank4Test.radioButtonTest(ZeroBank4Test.java:81)\n\tat java.base/java.lang.reflect.Method.invoke(Method.java:569)\n\tat com.theairebellion.zeus.framework.extension.Initiator.interceptTestMethod(Initiator.java:84)\n\tat java.base/java.util.concurrent.ForkJoinTask.doExec(ForkJoinTask.java:373)\n\tat java.base/java.util.concurrent.ForkJoinPool$WorkQueue.topLevelExec(ForkJoinPool.java:1182)\n\tat java.base/java.util.concurrent.ForkJoinPool.scan(ForkJoinPool.java:1655)\n\tat java.base/java.util.concurrent.ForkJoinPool.runWorker(ForkJoinPool.java:1622)\n\tat java.base/java.util.concurrent.ForkJoinWorkerThread.run(ForkJoinWorkerThread.java:165)\n\tSuppressed: org.openqa.selenium.NoSuchSessionException: Session ID is null. Using WebDriver after calling quit()?\nBuild info: version: '4.25.0', revision: '8a8aea2337'\nSystem info: os.name: 'Linux', os.arch: 'amd64', os.version: '6.11.0-1018-azure', java.version: '17.0.16'\nDriver info: org.openqa.selenium.remote.RemoteWebDriver\nCommand: [null, close {}]\nCapabilities {acceptInsecureCerts: false, browserName: chrome, browserVersion: 114.0.5735.133, chrome: {chromedriverVersion: 114.0.5735.90 (386bc09e8f4f..., userDataDir: /tmp/.com.google.Chrome.6YJvq0}, goog:chromeOptions: {debuggerAddress: localhost:35537}, networkConnectionEnabled: false, pageLoadStrategy: normal, platformName: linux, proxy: Proxy(), se:bidiEnabled: false, se:cdp: ws://172.18.0.4:4444/sessio..., se:cdpVersion: 114.0.5735.133, se:vnc: ws://172.18.0.4:4444/sessio..., se:vncEnabled: true, se:vncLocalAddress: ws://172.18.0.4:7900, setWindowRect: true, strictFileInteractability: false, timeouts: {implicit: 0, pageLoad: 300000, script: 30000}, unhandledPromptBehavior: dismiss and notify, webauthn:extension:credBlob: true, webauthn:extension:largeBlob: true, webauthn:extension:minPinLength: true, webauthn:extension:prf: true, webauthn:virtualAuthenticators: true}\n\t\tat org.openqa.selenium.remote.HttpCommandExecutor.execute(HttpCommandExecutor.java:151)\n\t\tat org.openqa.selenium.remote.TracedCommandExecutor.execute(TracedCommandExecutor.java:53)\n\t\tat org.openqa.selenium.remote.RemoteWebDriver.execute(RemoteWebDriver.java:545)\n\t\tat org.openqa.selenium.remote.RemoteWebDriver.execute(RemoteWebDriver.java:618)\n\t\tat org.openqa.selenium.remote.RemoteWebDriver.execute(RemoteWebDriver.java:622)\n\t\tat org.openqa.selenium.remote.RemoteWebDriver.close(RemoteWebDriver.java:418)\n\t\tat java.base/java.lang.reflect.Method.invoke(Method.java:569)\n\t\tat org.openqa.selenium.support.decorators.WebDriverDecorator.call(WebDriverDecorator.java:249)\n\t\tat org.openqa.selenium.support.decorators.DefaultDecorated.call(DefaultDecorated.java:48)\n\t\tat org.openqa.selenium.support.decorators.WebDriverDecorator.lambda$createProxy$2(WebDriverDecorator.java:321)\n\t\tat net.bytebuddy.renamed.java.lang.Object$ByteBuddy$dMDdpPL2.close(Unknown Source)\n\t\tat com.theairebellion.zeus.ui.extensions.UiTestExtension.afterTestExecution(UiTestExtension.java:326)\n\t\t... 5 more\n","flaky":false,"newFailed":false,"newBroken":false,"newPassed":false,"retriesCount":0,"retriesStatusChange":false,"beforeStages":[],"testStage":{"description":"COMPONENTS: Button, Input, Link, List, Select, Radio, Alert","descriptionHtml":"<div style='margin: 20px;'><style>\n  .metadata-container { margin: 20px 0; }\n  .metadata-toggle {\n      background-color: #2c3e50;\n      color: white;\n      padding: 8px 12px;\n      cursor: pointer;\n      border: none;\n      border-radius: 4px;\n      font-size: 13px;\n      display: inline-flex;\n      align-items: center;\n      gap: 8px;\n      width: 150px;\n  }\n  .metadata-toggle:hover { background-color: #34495e; }\n  .metadata-toggle::before {\n      content: '▶';\n      display: inline-block;\n      transition: transform 0.3s;\n  }\n  details[open] .metadata-toggle::before { transform: rotate(90deg); }\n  .metadata-content { display: none; margin-top: 10px; }\n  details[open] .metadata-content { display: block; }\n  .metadata-table {\n      border-collapse: collapse;\n      width: 100%;\n      margin-top: 10px;\n      box-shadow: 0 4px 15px rgba(0, 0, 0, 0.1);\n  }\n  .metadata-table th {\n      background-color: #2c3e50;\n      color: white;\n      text-transform: uppercase;\n      font-size: 14px;\n      padding: 15px;\n      text-align: left;\n  }\n  .metadata-table td {\n      padding: 12px 15px;\n      border-bottom: 1px solid #ecf0f1;\n      font-size: 14px;\n      background-color: white;\n  }\n  .metadata-table tr:nth-child(even) td { background-color: #f8f9fa; }\n  .metadata-table tr:hover td { background-color: #f1f4f6; }\n  .annotation { display: block; margin: 5px 0; padding: 8px 12px; background-color: #f7f9fc; border-left: 3px solid #3498db; border-radius: 3px; }\n  .test-arguments { word-break: break-word; max-width: 600px; line-height: 1.5; }\n</style>\n\n<details class=\"metadata-container\">\n  <summary class=\"metadata-toggle\">Test Details</summary>\n  <div class=\"metadata-content\">\n    <table class=\"metadata-table\">\n      <tr><th style=\"width: 30%\">Property</th><th>Value</th></tr>\n      <tr><td>Test Name</td><td>radioButtonTest</td></tr>\n      <tr><td>Class Name</td><td>ZeroBank4Test</td></tr>\n      <tr><td>Class Annotations</td><td><pre class='annotation'>@SpringBootTest(,\n     args=,\n     classes=class com.theairebellion.zeus.framework.config.TestConfig,\n     properties=,\n     webEnvironment=NONE)\n@Tag(exclude-from-verify)\n@UI\n</pre></td></tr>\n      <tr><td>Method Annotations</td><td><pre class='annotation'>@Test\n@Description(\"COMPONENTS: Button,\n     Input,\n     Link,\n     List,\n     Select,\n     Radio,\n     Alert\")\n@Regression\n</pre></td></tr>\n      <tr><td>Test Arguments</td><td class=\"test-arguments\">Quest</td></tr>\n    </table>\n  </div>\n</details></div>","status":"broken","statusMessage":"unknown error: net::ERR_CONNECTION_RESET\n  (Session info: headless chrome=114.0.5735.133)\nBuild info: version: '4.25.0', revision: '8a8aea2337'\nSystem info: os.name: 'Linux', os.arch: 'amd64', os.version: '6.11.0-1018-azure', java.version: '17.0.16'\nDriver info: org.openqa.selenium.remote.RemoteWebDriver\nCommand: [c0be2c39991118f2f8c8e627c5bdead9, get {url=http://zero.webappsecurity.com/}]\nCapabilities {acceptInsecureCerts: false, browserName: chrome, browserVersion: 114.0.5735.133, chrome: {chromedriverVersion: 114.0.5735.90 (386bc09e8f4f..., userDataDir: /tmp/.com.google.Chrome.6YJvq0}, goog:chromeOptions: {debuggerAddress: localhost:35537}, networkConnectionEnabled: false, pageLoadStrategy: normal, platformName: linux, proxy: Proxy(), se:bidiEnabled: false, se:cdp: ws://172.18.0.4:4444/sessio..., se:cdpVersion: 114.0.5735.133, se:vnc: ws://172.18.0.4:4444/sessio..., se:vncEnabled: true, se:vncLocalAddress: ws://172.18.0.4:7900, setWindowRect: true, strictFileInteractability: false, timeouts: {implicit: 0, pageLoad: 300000, script: 30000}, unhandledPromptBehavior: dismiss and notify, webauthn:extension:credBlob: true, webauthn:extension:largeBlob: true, webauthn:extension:minPinLength: true, webauthn:extension:prf: true, webauthn:virtualAuthenticators: true}\nSession ID: c0be2c39991118f2f8c8e627c5bdead9","statusTrace":"org.openqa.selenium.WebDriverException: unknown error: net::ERR_CONNECTION_RESET\n  (Session info: headless chrome=114.0.5735.133)\nBuild info: version: '4.25.0', revision: '8a8aea2337'\nSystem info: os.name: 'Linux', os.arch: 'amd64', os.version: '6.11.0-1018-azure', java.version: '17.0.16'\nDriver info: org.openqa.selenium.remote.RemoteWebDriver\nCommand: [c0be2c39991118f2f8c8e627c5bdead9, get {url=http://zero.webappsecurity.com/}]\nCapabilities {acceptInsecureCerts: false, browserName: chrome, browserVersion: 114.0.5735.133, chrome: {chromedriverVersion: 114.0.5735.90 (386bc09e8f4f..., userDataDir: /tmp/.com.google.Chrome.6YJvq0}, goog:chromeOptions: {debuggerAddress: localhost:35537}, networkConnectionEnabled: false, pageLoadStrategy: normal, platformName: linux, proxy: Proxy(), se:bidiEnabled: false, se:cdp: ws://172.18.0.4:4444/sessio..., se:cdpVersion: 114.0.5735.133, se:vnc: ws://172.18.0.4:4444/sessio..., se:vncEnabled: true, se:vncLocalAddress: ws://172.18.0.4:7900, setWindowRect: true, strictFileInteractability: false, timeouts: {implicit: 0, pageLoad: 300000, script: 30000}, unhandledPromptBehavior: dismiss and notify, webauthn:extension:credBlob: true, webauthn:extension:largeBlob: true, webauthn:extension:minPinLength: true, webauthn:extension:prf: true, webauthn:virtualAuthenticators: true}\nSession ID: c0be2c39991118f2f8c8e627c5bdead9\n\tat java.base/jdk.internal.reflect.NativeConstructorAccessorImpl.newInstance0(Native Method)\n\tat java.base/jdk.internal.reflect.NativeConstructorAccessorImpl.newInstance(NativeConstructorAccessorImpl.java:77)\n\tat java.base/jdk.internal.reflect.DelegatingConstructorAccessorImpl.newInstance(DelegatingConstructorAccessorImpl.java:45)\n\tat java.base/java.lang.reflect.Constructor.newInstanceWithCaller(Constructor.java:500)\n\tat java.base/java.lang.reflect.Constructor.newInstance(Constructor.java:481)\n\tat org.openqa.selenium.remote.ErrorCodec.decode(ErrorCodec.java:167)\n\tat org.openqa.selenium.remote.codec.w3c.W3CHttpResponseCodec.decode(W3CHttpResponseCodec.java:138)\n\tat org.openqa.selenium.remote.codec.w3c.W3CHttpResponseCodec.decode(W3CHttpResponseCodec.java:50)\n\tat org.openqa.selenium.remote.HttpCommandExecutor.execute(HttpCommandExecutor.java:190)\n\tat org.openqa.selenium.remote.TracedCommandExecutor.execute(TracedCommandExecutor.java:53)\n\tat org.openqa.selenium.remote.RemoteWebDriver.execute(RemoteWebDriver.java:545)\n\tat org.openqa.selenium.remote.RemoteWebDriver.get(RemoteWebDriver.java:313)\n\tat java.base/jdk.internal.reflect.NativeMethodAccessorImpl.invoke0(Native Method)\n\tat java.base/jdk.internal.reflect.NativeMethodAccessorImpl.invoke(NativeMethodAccessorImpl.java:77)\n\tat java.base/jdk.internal.reflect.DelegatingMethodAccessorImpl.invoke(DelegatingMethodAccessorImpl.java:43)\n\tat java.base/java.lang.reflect.Method.invoke(Method.java:569)\n\tat org.openqa.selenium.support.decorators.WebDriverDecorator.call(WebDriverDecorator.java:249)\n\tat org.openqa.selenium.support.decorators.DefaultDecorated.call(DefaultDecorated.java:48)\n\tat org.openqa.selenium.support.decorators.WebDriverDecorator.lambda$createProxy$2(WebDriverDecorator.java:321)\n\tat net.bytebuddy.renamed.java.lang.Object$ByteBuddy$dMDdpPL2.get(Unknown Source)\n\tat com.theairebellion.zeus.ui.selenium.decorators.WebDriverDecorator.get(WebDriverDecorator.java:23)\n\tat com.theairebellion.zeus.ui.service.fluent.NavigationServiceFluent.navigate(NavigationServiceFluent.java:48)\n\tat com.zerobank.project.ZeroBank4Test.radioButtonTest(ZeroBank4Test.java:81)\n\tat java.base/java.lang.reflect.Method.invoke(Method.java:569)\n\tat com.theairebellion.zeus.framework.extension.Initiator.interceptTestMethod(Initiator.java:84)\n\tat java.base/java.util.concurrent.ForkJoinTask.doExec(ForkJoinTask.java:373)\n\tat java.base/java.util.concurrent.ForkJoinPool$WorkQueue.topLevelExec(ForkJoinPool.java:1182)\n\tat java.base/java.util.concurrent.ForkJoinPool.scan(ForkJoinPool.java:1655)\n\tat java.base/java.util.concurrent.ForkJoinPool.runWorker(ForkJoinPool.java:1622)\n\tat java.base/java.util.concurrent.ForkJoinWorkerThread.run(ForkJoinWorkerThread.java:165)\n\tSuppressed: org.openqa.selenium.NoSuchSessionException: Session ID is null. Using WebDriver after calling quit()?\nBuild info: version: '4.25.0', revision: '8a8aea2337'\nSystem info: os.name: 'Linux', os.arch: 'amd64', os.version: '6.11.0-1018-azure', java.version: '17.0.16'\nDriver info: org.openqa.selenium.remote.RemoteWebDriver\nCommand: [null, close {}]\nCapabilities {acceptInsecureCerts: false, browserName: chrome, browserVersion: 114.0.5735.133, chrome: {chromedriverVersion: 114.0.5735.90 (386bc09e8f4f..., userDataDir: /tmp/.com.google.Chrome.6YJvq0}, goog:chromeOptions: {debuggerAddress: localhost:35537}, networkConnectionEnabled: false, pageLoadStrategy: normal, platformName: linux, proxy: Proxy(), se:bidiEnabled: false, se:cdp: ws://172.18.0.4:4444/sessio..., se:cdpVersion: 114.0.5735.133, se:vnc: ws://172.18.0.4:4444/sessio..., se:vncEnabled: true, se:vncLocalAddress: ws://172.18.0.4:7900, setWindowRect: true, strictFileInteractability: false, timeouts: {implicit: 0, pageLoad: 300000, script: 30000}, unhandledPromptBehavior: dismiss and notify, webauthn:extension:credBlob: true, webauthn:extension:largeBlob: true, webauthn:extension:minPinLength: true, webauthn:extension:prf: true, webauthn:virtualAuthenticators: true}\n\t\tat org.openqa.selenium.remote.HttpCommandExecutor.execute(HttpCommandExecutor.java:151)\n\t\tat org.openqa.selenium.remote.TracedCommandExecutor.execute(TracedCommandExecutor.java:53)\n\t\tat org.openqa.selenium.remote.RemoteWebDriver.execute(RemoteWebDriver.java:545)\n\t\tat org.openqa.selenium.remote.RemoteWebDriver.execute(RemoteWebDriver.java:618)\n\t\tat org.openqa.selenium.remote.RemoteWebDriver.execute(RemoteWebDriver.java:622)\n\t\tat org.openqa.selenium.remote.RemoteWebDriver.close(RemoteWebDriver.java:418)\n\t\tat java.base/java.lang.reflect.Method.invoke(Method.java:569)\n\t\tat org.openqa.selenium.support.decorators.WebDriverDecorator.call(WebDriverDecorator.java:249)\n\t\tat org.openqa.selenium.support.decorators.DefaultDecorated.call(DefaultDecorated.java:48)\n\t\tat org.openqa.selenium.support.decorators.WebDriverDecorator.lambda$createProxy$2(WebDriverDecorator.java:321)\n\t\tat net.bytebuddy.renamed.java.lang.Object$ByteBuddy$dMDdpPL2.close(Unknown Source)\n\t\tat com.theairebellion.zeus.ui.extensions.UiTestExtension.afterTestExecution(UiTestExtension.java:326)\n\t\t... 5 more\n","steps":[{"name":"Test Execution","time":{"start":1755028917087,"stop":1755028917577,"duration":490},"status":"unknown","steps":[{"name":"[UI - Navigation] Navigate to the URL and maximize the browser window","time":{"start":1755028917087,"stop":1755028917087,"duration":0},"status":"passed","steps":[],"attachments":[],"parameters":[],"shouldDisplayMessage":false,"stepsCount":0,"attachmentsCount":0,"hasContent":false,"attachmentStep":false}],"attachments":[],"parameters":[],"shouldDisplayMessage":false,"stepsCount":1,"attachmentsCount":0,"hasContent":true,"attachmentStep":false},{"name":"Tear Down","time":{"start":1755028917577,"stop":1755028917883,"duration":306},"status":"unknown","steps":[],"attachments":[{"uid":"d97696a3b80a4252","name":"radioButtonTest(Quest)","source":"d97696a3b80a4252.png","type":"image/png","size":10592},{"uid":"3cb3994065a7a5a4","name":"Filtered Logs for Test: ZeroBank4Test.radioButtonTest","source":"3cb3994065a7a5a4.log","type":"text/plain","size":53}],"parameters":[],"shouldDisplayMessage":false,"stepsCount":0,"attachmentsCount":2,"hasContent":true,"attachmentStep":false}],"attachments":[],"parameters":[],"shouldDisplayMessage":true,"stepsCount":3,"attachmentsCount":2,"hasContent":true,"attachmentStep":false},"afterStages":[],"labels":[{"name":"tag","value":"Regression"},{"name":"tag","value":"exclude-from-verify"},{"name":"junit.platform.uniqueid","value":"[engine:junit-jupiter]/[class:com.zerobank.project.ZeroBank4Test]/[method:radioButtonTest(com.theairebellion.zeus.framework.quest.Quest)]"},{"name":"host","value":"pkrvmsl9tci6h6u"},{"name":"thread","value":"4543@pkrvmsl9tci6h6u.ForkJoinPool-1-worker-8(24)"},{"name":"framework","value":"junit-platform"},{"name":"language","value":"java"},{"name":"package","value":"com.zerobank.project.ZeroBank4Test"},{"name":"testClass","value":"com.zerobank.project.ZeroBank4Test"},{"name":"testMethod","value":"radioButtonTest"},{"name":"suite","value":"com.zerobank.project.ZeroBank4Test"},{"name":"resultFormat","value":"allure2"}],"parameters":[],"links":[],"hidden":false,"retry":false,"extra":{"severity":"normal","retries":[],"categories":[{"name":"WebDriver & Session Issues","traceRegex":".*(WebDriverException|SessionNotCreatedException).*","matchedStatuses":["failed","broken"],"flaky":false}],"tags":["Regression","exclude-from-verify"]},"source":"b5864bb4ccb6b776.json","parameterValues":[]}